<?xml version="1.0" encoding="UTF-8"?>
<testng-results ignored="0" total="1" passed="1" failed="0" skipped="0">
  <reporter-output>
    <line>
      <![CDATA[no of rows::17]]>
    </line>
    <line>
      <![CDATA[Customer-00000010142--------Customer-00000010142]]>
    </line>
    <line>
      <![CDATA[Customer-00000010143--------Customer-00000010143]]>
    </line>
    <line>
      <![CDATA[Customer-00000010144--------Customer-00000010144]]>
    </line>
    <line>
      <![CDATA[Customer-00000010145--------Customer-00000010145]]>
    </line>
    <line>
      <![CDATA[Customer-00000010146--------Customer-00000010146]]>
    </line>
    <line>
      <![CDATA[Customer-00000010147--------Customer-00000010147]]>
    </line>
    <line>
      <![CDATA[Customer-00000010148--------Customer-00000010148]]>
    </line>
    <line>
      <![CDATA[Customer-00000010149--------Customer-00000010149]]>
    </line>
    <line>
      <![CDATA[Customer-00000010150--------Customer-00000010150]]>
    </line>
    <line>
      <![CDATA[Customer-00000010151--------Customer-00000010151]]>
    </line>
    <line>
      <![CDATA[Customer-00000010152--------Customer-00000010152]]>
    </line>
    <line>
      <![CDATA[Customer-00000010153--------Customer-00000010153]]>
    </line>
    <line>
      <![CDATA[Customer-00000010154--------Customer-00000010154]]>
    </line>
    <line>
      <![CDATA[Customer-00000010155--------Customer-00000010155]]>
    </line>
    <line>
      <![CDATA[Customer-00000010156--------Customer-00000010156]]>
    </line>
    <line>
      <![CDATA[Customer-00000010157--------Customer-00000010157]]>
    </line>
    <line>
      <![CDATA[Customer-00000010158--------Customer-00000010158]]>
    </line>
  </reporter-output>
  <suite started-at="2024-09-05T17:20:51 GMT-04:00" name="Default suite" finished-at="2024-09-05T17:27:20 GMT-04:00" duration-ms="388419">
    <groups>
    </groups>
    <test started-at="2024-09-05T17:20:51 GMT-04:00" name="Default test" finished-at="2024-09-05T17:27:20 GMT-04:00" duration-ms="388419">
      <class name="DriverFactory.Customertestcasescript">
        <test-method is-config="true" signature="setup()[pri:0, instance:DriverFactory.Customertestcasescript@7ce026d3]" started-at="2024-09-05T17:20:51 GMT-04:00" name="setup" finished-at="2024-09-05T17:21:07 GMT-04:00" duration-ms="15987" status="PASS">
          <reporter-output>
          </reporter-output>
        </test-method> <!-- setup -->
        <test-method signature="starttest()[pri:0, instance:DriverFactory.Customertestcasescript@7ce026d3]" started-at="2024-09-05T17:21:07 GMT-04:00" name="starttest" finished-at="2024-09-05T17:27:14 GMT-04:00" duration-ms="366799" status="PASS">
          <reporter-output>
            <line>
              <![CDATA[no of rows::17]]>
            </line>
            <line>
              <![CDATA[Customer-00000010142--------Customer-00000010142]]>
            </line>
            <line>
              <![CDATA[Customer-00000010143--------Customer-00000010143]]>
            </line>
            <line>
              <![CDATA[Customer-00000010144--------Customer-00000010144]]>
            </line>
            <line>
              <![CDATA[Customer-00000010145--------Customer-00000010145]]>
            </line>
            <line>
              <![CDATA[Customer-00000010146--------Customer-00000010146]]>
            </line>
            <line>
              <![CDATA[Customer-00000010147--------Customer-00000010147]]>
            </line>
            <line>
              <![CDATA[Customer-00000010148--------Customer-00000010148]]>
            </line>
            <line>
              <![CDATA[Customer-00000010149--------Customer-00000010149]]>
            </line>
            <line>
              <![CDATA[Customer-00000010150--------Customer-00000010150]]>
            </line>
            <line>
              <![CDATA[Customer-00000010151--------Customer-00000010151]]>
            </line>
            <line>
              <![CDATA[Customer-00000010152--------Customer-00000010152]]>
            </line>
            <line>
              <![CDATA[Customer-00000010153--------Customer-00000010153]]>
            </line>
            <line>
              <![CDATA[Customer-00000010154--------Customer-00000010154]]>
            </line>
            <line>
              <![CDATA[Customer-00000010155--------Customer-00000010155]]>
            </line>
            <line>
              <![CDATA[Customer-00000010156--------Customer-00000010156]]>
            </line>
            <line>
              <![CDATA[Customer-00000010157--------Customer-00000010157]]>
            </line>
            <line>
              <![CDATA[Customer-00000010158--------Customer-00000010158]]>
            </line>
          </reporter-output>
        </test-method> <!-- starttest -->
        <test-method is-config="true" signature="teardown()[pri:0, instance:DriverFactory.Customertestcasescript@7ce026d3]" started-at="2024-09-05T17:27:14 GMT-04:00" name="teardown" finished-at="2024-09-05T17:27:20 GMT-04:00" duration-ms="5546" status="PASS">
          <reporter-output>
          </reporter-output>
        </test-method> <!-- teardown -->
      </class> <!-- DriverFactory.Customertestcasescript -->
    </test> <!-- Default test -->
  </suite> <!-- Default suite -->
</testng-results>
