<?xml version="1.0" encoding="UTF-8"?>
<!-- Generated by org.testng.reporters.JUnitXMLReporter -->
<testsuite ignored="0" hostname="DESKTOP-L88NPJT" failures="1" tests="1" name="Without pom of Drivenscripts" time="56.907" errors="0" timestamp="2024-09-04T11:08:53 GMT-04:00">
  <testcase classname="DriverFactory.DriverScripts" name="starttest" time="0.453">
    <failure type="java.io.FileNotFoundException" message="C:\Users\DELL\eclipse-workspace\DataDrivenFramework\FileInput\Book.xlsx (The system cannot find the file specified)">
      <![CDATA[java.io.FileNotFoundException: C:\Users\DELL\eclipse-workspace\DataDrivenFramework\FileInput\Book.xlsx (The system cannot find the file specified)
at java.base/java.io.FileInputStream.open0(Native Method)
at java.base/java.io.FileInputStream.open(FileInputStream.java:213)
at java.base/java.io.FileInputStream.<init>(FileInputStream.java:152)
at java.base/java.io.FileInputStream.<init>(FileInputStream.java:106)
at ExcelFileUtil.Excelfileutil.<init>(Excelfileutil.java:20)
at DriverFactory.DriverScripts.starttest(DriverScripts.java:26)
at java.base/java.util.ArrayList.forEach(ArrayList.java:1597)
... Removed 25 stack frames]]>
    </failure>
  </testcase> <!-- starttest -->
</testsuite> <!-- Without pom of Drivenscripts -->
